Found 6366 uncompiled emails total.
Processing oldest 20 this run (chronological).
Pre-compile snapshot: .snapshots/pre-compile-20260412T220703Z/wiki
Compiling in batches of 8...
Model: z-ai/glm-4.6
Wiki dir: wiki
Budget (pre-run): $4.2515 spent of $20.00 ($15.75 left) [21.26%] — key=poc-aa@indiamart.com

Thread-grouped into 13 batches (avg 1.5 emails/batch)

=== Batch 1/13 (1 emails, thread=19b9c02d277e, earliest=2026-01-08) ===
[2m2026-04-12T22:07:04.077985Z[0m [[32m[1minfo     [0m] [1mcreating wiki compiler        [0m [36mmodel[0m=[35mz-ai/glm-4.6[0m [36mvia_proxy[0m=[35mTrue[0m
[2m2026-04-12T22:07:04.371587Z[0m [[32m[1minfo     [0m] [1mrunning compilation           [0m [36minstruction[0m=[35m'Compile the following 1 uncompiled raw emails from one thread (thread_id=19b9c02d277e686e, earliest='[0m [36mrecursion_limit[0m=[35m150[0m
Batch complete. Progress: 1/20

=== Batch 2/13 (1 emails, thread=19b9c5f53594, earliest=2026-01-08) ===
[2m2026-04-12T22:11:17.855248Z[0m [[32m[1minfo     [0m] [1mcreating wiki compiler        [0m [36mmodel[0m=[35mz-ai/glm-4.6[0m [36mvia_proxy[0m=[35mTrue[0m
[2m2026-04-12T22:11:17.868924Z[0m [[32m[1minfo     [0m] [1mrunning compilation           [0m [36minstruction[0m=[35m'Compile the following 1 uncompiled raw emails from one thread (thread_id=19b9c5f53594a56e, earliest='[0m [36mrecursion_limit[0m=[35m150[0m
Batch complete. Progress: 2/20

=== Batch 3/13 (2 emails, thread=19b6fc410654, earliest=2026-01-08) ===
[2m2026-04-12T22:14:48.847582Z[0m [[32m[1minfo     [0m] [1mcreating wiki compiler        [0m [36mmodel[0m=[35mz-ai/glm-4.6[0m [36mvia_proxy[0m=[35mTrue[0m
[2m2026-04-12T22:14:48.863741Z[0m [[32m[1minfo     [0m] [1mrunning compilation           [0m [36minstruction[0m=[35m'Compile the following 2 uncompiled raw emails from one thread (thread_id=19b6fc410654a93b, earliest='[0m [36mrecursion_limit[0m=[35m150[0m
Batch complete. Progress: 4/20

=== Batch 4/13 (1 emails, thread=19b91e6980de, earliest=2026-01-08) ===
[2m2026-04-12T22:21:29.763796Z[0m [[32m[1minfo     [0m] [1mcreating wiki compiler        [0m [36mmodel[0m=[35mz-ai/glm-4.6[0m [36mvia_proxy[0m=[35mTrue[0m
[2m2026-04-12T22:21:29.781780Z[0m [[32m[1minfo     [0m] [1mrunning compilation           [0m [36minstruction[0m=[35m'Compile the following 1 uncompiled raw emails from one thread (thread_id=19b91e6980de1a70, earliest='[0m [36mrecursion_limit[0m=[35m150[0m
Batch complete. Progress: 5/20

=== Batch 5/13 (2 emails, thread=19b9cf091103, earliest=2026-01-08) ===
[2m2026-04-12T22:25:05.472585Z[0m [[32m[1minfo     [0m] [1mcreating wiki compiler        [0m [36mmodel[0m=[35mz-ai/glm-4.6[0m [36mvia_proxy[0m=[35mTrue[0m
[2m2026-04-12T22:25:05.487625Z[0m [[32m[1minfo     [0m] [1mrunning compilation           [0m [36minstruction[0m=[35m'Compile the following 2 uncompiled raw emails from one thread (thread_id=19b9cf09110365c1, earliest='[0m [36mrecursion_limit[0m=[35m150[0m
Batch complete. Progress: 7/20

=== Batch 6/13 (2 emails, thread=19b9d2b3981d, earliest=2026-01-08) ===
[2m2026-04-12T22:28:28.713974Z[0m [[32m[1minfo     [0m] [1mcreating wiki compiler        [0m [36mmodel[0m=[35mz-ai/glm-4.6[0m [36mvia_proxy[0m=[35mTrue[0m
[2m2026-04-12T22:28:28.726981Z[0m [[32m[1minfo     [0m] [1mrunning compilation           [0m [36minstruction[0m=[35m'Compile the following 2 uncompiled raw emails from one thread (thread_id=19b9d2b3981dbff8, earliest='[0m [36mrecursion_limit[0m=[35m150[0m
Batch complete. Progress: 9/20

=== Batch 7/13 (3 emails, thread=19b97456a904, earliest=2026-01-08) ===
[2m2026-04-12T22:32:43.790159Z[0m [[32m[1minfo     [0m] [1mcreating wiki compiler        [0m [36mmodel[0m=[35mz-ai/glm-4.6[0m [36mvia_proxy[0m=[35mTrue[0m
[2m2026-04-12T22:32:43.807142Z[0m [[32m[1minfo     [0m] [1mrunning compilation           [0m [36minstruction[0m=[35m'Compile the following 3 uncompiled raw emails from one thread (thread_id=19b97456a904df61, earliest='[0m [36mrecursion_limit[0m=[35m150[0m
Batch complete. Progress: 12/20

=== Batch 8/13 (1 emails, thread=19b4f4a7e8fb, earliest=2026-01-08) ===
[2m2026-04-12T22:35:16.471989Z[0m [[32m[1minfo     [0m] [1mcreating wiki compiler        [0m [36mmodel[0m=[35mz-ai/glm-4.6[0m [36mvia_proxy[0m=[35mTrue[0m
[2m2026-04-12T22:35:16.490271Z[0m [[32m[1minfo     [0m] [1mrunning compilation           [0m [36minstruction[0m=[35m'Compile the following 1 uncompiled raw emails from one thread (thread_id=19b4f4a7e8fb81a6, earliest='[0m [36mrecursion_limit[0m=[35m150[0m
Batch complete. Progress: 13/20

=== Batch 9/13 (1 emails, thread=19b9d69c7085, earliest=2026-01-08) ===
[2m2026-04-12T22:38:56.412874Z[0m [[32m[1minfo     [0m] [1mcreating wiki compiler        [0m [36mmodel[0m=[35mz-ai/glm-4.6[0m [36mvia_proxy[0m=[35mTrue[0m
[2m2026-04-12T22:38:56.430955Z[0m [[32m[1minfo     [0m] [1mrunning compilation           [0m [36minstruction[0m=[35m'Compile the following 1 uncompiled raw emails from one thread (thread_id=19b9d69c7085a3f0, earliest='[0m [36mrecursion_limit[0m=[35m150[0m
Batch complete. Progress: 14/20

=== Batch 10/13 (1 emails, thread=19b70540a086, earliest=2026-01-08) ===
[2m2026-04-12T22:42:11.755773Z[0m [[32m[1minfo     [0m] [1mcreating wiki compiler        [0m [36mmodel[0m=[35mz-ai/glm-4.6[0m [36mvia_proxy[0m=[35mTrue[0m
[2m2026-04-12T22:42:11.770169Z[0m [[32m[1minfo     [0m] [1mrunning compilation           [0m [36minstruction[0m=[35m'Compile the following 1 uncompiled raw emails from one thread (thread_id=19b70540a086b94e, earliest='[0m [36mrecursion_limit[0m=[35m150[0m
Batch complete. Progress: 15/20

=== Batch 11/13 (3 emails, thread=19b9d78e8adb, earliest=2026-01-08) ===
[2m2026-04-12T22:46:33.447245Z[0m [[32m[1minfo     [0m] [1mcreating wiki compiler        [0m [36mmodel[0m=[35mz-ai/glm-4.6[0m [36mvia_proxy[0m=[35mTrue[0m
[2m2026-04-12T22:46:33.461818Z[0m [[32m[1minfo     [0m] [1mrunning compilation           [0m [36minstruction[0m=[35m'Compile the following 3 uncompiled raw emails from one thread (thread_id=19b9d78e8adb2169, earliest='[0m [36mrecursion_limit[0m=[35m150[0m
Batch complete. Progress: 18/20

=== Batch 12/13 (1 emails, thread=19b9d7e0e656, earliest=2026-01-08) ===
[2m2026-04-12T22:48:10.618360Z[0m [[32m[1minfo     [0m] [1mcreating wiki compiler        [0m [36mmodel[0m=[35mz-ai/glm-4.6[0m [36mvia_proxy[0m=[35mTrue[0m
[2m2026-04-12T22:48:10.633837Z[0m [[32m[1minfo     [0m] [1mrunning compilation           [0m [36minstruction[0m=[35m'Compile the following 1 uncompiled raw emails from one thread (thread_id=19b9d7e0e65687f9, earliest='[0m [36mrecursion_limit[0m=[35m150[0m
Batch complete. Progress: 19/20

=== Batch 13/13 (1 emails, thread=19b9dc5ba940, earliest=2026-01-08) ===
[2m2026-04-12T22:50:30.684070Z[0m [[32m[1minfo     [0m] [1mcreating wiki compiler        [0m [36mmodel[0m=[35mz-ai/glm-4.6[0m [36mvia_proxy[0m=[35mTrue[0m
[2m2026-04-12T22:50:30.699844Z[0m [[32m[1minfo     [0m] [1mrunning compilation           [0m [36minstruction[0m=[35m'Compile the following 1 uncompiled raw emails from one thread (thread_id=19b9dc5ba94028b9, earliest='[0m [36mrecursion_limit[0m=[35m150[0m
Batch complete. Progress: 20/20

Regenerating wiki index (post-compile)...
updated index: 341 pages across 3 categories; auto-stamped 1 pages with last_compiled

Validating wiki integrity...
✗ 5 validation error(s):
  wiki/entities/nikhil-rathore.md: duplicate body shared with: nikhil-rathore.md, nikhil-rathore-new.md
  wiki/entities/nikhil-rathore-new.md: duplicate body shared with: nikhil-rathore.md, nikhil-rathore-new.md
  wiki/entities/nikhil-rathore-new.md: suspected duplicate of nikhil-rathore (suffix 'new' — likely agent variant, should be merged)
  wiki/topics/component-as-a-service.md: 4 broken wikilink(s): divyanshu-singh, pranjal-agarwal, divyanshu-singh (+1 more)
  wiki/topics/language-currency-converter-ux-improvements.md: 2 broken wikilink(s): abhishek-kumar, abhishek-kumar



⚠ Validation failed. Pre-compile snapshot is saved. Restore with: uv run python scripts/snapshot_wiki.py restore <label>
Budget (post-run): $6.6479 spent of $20.00 ($13.35 left) [33.24%] — key=poc-aa@indiamart.com
This run cost: $2.3964

Done. Processed 20/20 emails.
